<?xml version="1.0" encoding="UTF-8"?>
<coverage generated="1659478052744" clover="3.2.0">
  <project timestamp="1659478052744" name="All files">
    <metrics statements="11" coveredstatements="11" conditionals="2" coveredconditionals="2" methods="2" coveredmethods="2" elements="15" coveredelements="15" complexity="0" loc="11" ncloc="11" packages="1" files="1" classes="1"/>
    <file name="index.js" path="/Users/abchung/Desktop/CoderAcademy-Work/javascript/TDD/romanToInteger/index.js">
      <metrics statements="11" coveredstatements="11" conditionals="2" coveredconditionals="2" methods="2" coveredmethods="2"/>
      <line num="1" count="1" type="stmt"/>
      <line num="2" count="6" type="stmt"/>
      <line num="11" count="6" type="stmt"/>
      <line num="12" count="6" type="stmt"/>
      <line num="13" count="6" type="stmt"/>
      <line num="14" count="10" type="stmt"/>
      <line num="15" count="10" type="cond" truecount="2" falsecount="0"/>
      <line num="16" count="3" type="stmt"/>
      <line num="18" count="7" type="stmt"/>
      <line num="21" count="6" type="stmt"/>
      <line num="24" count="1" type="stmt"/>
    </file>
  </project>
</coverage>
