{"/Users/abchung/Desktop/CoderAcademy-Work/javascript/TDD/romanToInteger/index.js": {"path":"/Users/abchung/Desktop/CoderAcademy-Work/javascript/TDD/romanToInteger/index.js","statementMap":{"0":{"start":{"line":1,"column":19},"end":{"line":22,"column":1}},"1":{"start":{"line":2,"column":23},"end":{"line":10,"column":3}},"2":{"start":{"line":11,"column":17},"end":{"line":11,"column":30}},"3":{"start":{"line":12,"column":12},"end":{"line":12,"column":13}},"4":{"start":{"line":13,"column":2},"end":{"line":20,"column":5}},"5":{"start":{"line":14,"column":22},"end":{"line":14,"column":38}},"6":{"start":{"line":15,"column":4},"end":{"line":19,"column":5}},"7":{"start":{"line":16,"column":6},"end":{"line":16,"column":35}},"8":{"start":{"line":18,"column":6},"end":{"line":18,"column":35}},"9":{"start":{"line":21,"column":2},"end":{"line":21,"column":13}},"10":{"start":{"line":24,"column":0},"end":{"line":24,"column":28}}},"fnMap":{"0":{"name":"(anonymous_0)","decl":{"start":{"line":1,"column":19},"end":{"line":1,"column":20}},"loc":{"start":{"line":1,"column":28},"end":{"line":22,"column":1}},"line":1},"1":{"name":"(anonymous_1)","decl":{"start":{"line":13,"column":19},"end":{"line":13,"column":20}},"loc":{"start":{"line":13,"column":46},"end":{"line":20,"column":3}},"line":13}},"branchMap":{"0":{"loc":{"start":{"line":15,"column":4},"end":{"line":19,"column":5}},"type":"if","locations":[{"start":{"line":15,"column":4},"end":{"line":19,"column":5}},{"start":{"line":17,"column":11},"end":{"line":19,"column":5}}],"line":15}},"s":{"0":1,"1":6,"2":6,"3":6,"4":6,"5":10,"6":10,"7":3,"8":7,"9":6,"10":1},"f":{"0":6,"1":10},"b":{"0":[3,7]},"_coverageSchema":"1a1c01bbd47fc00a2c39e90264f33305004495a9","hash":"0ffe210c54ea9fb67e1be40ed3a4d6f6e2e6d5b4"}
}
